<?xml version="1.0" encoding="UTF-8"?>
<!-- Generated by org.testng.reporters.JUnitXMLReporter -->
<testsuite ignored="2" hostname="Prashantg-MacBook-Air.local" failures="0" tests="1" name="Default test" time="0.993" errors="0" timestamp="2024-04-06T19:00:01 IST">
  <testcase classname="com.api.test.getApi" name="getapi" time="0.963"/>
  <testcase classname="com.api.test.getApi" name="put" time="0.0">
    <ignored/>
  </testcase> <!-- put -->
  <testcase classname="com.api.test.getApi" name="post" time="0.0">
    <ignored/>
  </testcase> <!-- post -->
</testsuite> <!-- Default test -->
